<?xml version="1.0" encoding="UTF-8"?>
<testsuite name="CabinaTest" tests="10" skipped="0" failures="0" errors="0" timestamp="2024-08-27T12:45:06" hostname="ASPIRE" time="3.456">
  <properties/>
  <testcase name="setDuracionTotalMinutos()" classname="CabinaTest" time="3.104"/>
  <testcase name="setNumLlamadas()" classname="CabinaTest" time="0.016"/>
  <testcase name="getCostoTotal()" classname="CabinaTest" time="0.107"/>
  <testcase name="getDuracionTotalMinutos()" classname="CabinaTest" time="0.01"/>
  <testcase name="registrarLlamada()" classname="CabinaTest" time="0.099"/>
  <testcase name="getIdCabina()" classname="CabinaTest" time="0.018"/>
  <testcase name="setCostoTotal()" classname="CabinaTest" time="0.014"/>
  <testcase name="getNumLlamadas()" classname="CabinaTest" time="0.012"/>
  <testcase name="informacion()" classname="CabinaTest" time="0.01"/>
  <testcase name="reiniciar()" classname="CabinaTest" time="0.008"/>
  <system-out><![CDATA[]]></system-out>
  <system-err><![CDATA[WARNING: A Java agent has been loaded dynamically (C:\Users\manue\.gradle\caches\modules-2\files-2.1\net.bytebuddy\byte-buddy-agent\1.14.15\b4cc9d88d5de562bf75b3a54ab436ad01b3f72d\byte-buddy-agent-1.14.15.jar)
WARNING: If a serviceability tool is in use, please run with -XX:+EnableDynamicAgentLoading to hide this warning
WARNING: If a serviceability tool is not in use, please run with -Djdk.instrument.traceUsage for more information
WARNING: Dynamic loading of agents will be disallowed by default in a future release
]]></system-err>
</testsuite>
